STEP to UG
! INFO-     NX STEP AP214 - V1872
! INFO-      
! INFO-     Start of Translation: 19-FEB-2020  12:07:52 AM
! INFO-      
! STATUS-   Converting Part: E:\Documents\SP 2020\Capstone\My Github Files\My-Capstone-CAD\Food Prep Module\HingeAssy\91292A196_HingeBoltThruDoor.STEP
! SUMMARY-   
! SUMMARY-    STEP Header Information
! SUMMARY-   
! SUMMARY-  Description      STEP AP203
! SUMMARY-  Imp_Level        1
! SUMMARY-  File_Name        91292A196.step
! SUMMARY-  Date             2014-03-06T13:53:29
! SUMMARY-  Author           Unknown
! SUMMARY-  Organization     Unknown
! SUMMARY-  Pre_Version      SwSTEP 2.0
! SUMMARY-  Orig_System      SolidWorks 2013
! SUMMARY-  Authorization    Unknown
! SUMMARY-  Schema_ID        config_control_design
! SUMMARY-   
! SUMMARY-    Summary of STEP Entities
! SUMMARY-   
! SUMMARY-  Entity Type                                                   Count
! SUMMARY-  -----------                                                   ------
! SUMMARY-  advanced_face ..............................................:    143
! SUMMARY-  application_context ........................................:      2
! SUMMARY-  approval ...................................................:      3
! SUMMARY-  approval_status ............................................:      3
! SUMMARY-  axis2_placement_3d .........................................:    170
! SUMMARY-  b_spline_curve_with_knots ..................................:     15
! SUMMARY-  b_spline_curve_with_knots_and_rational_b_spline_curve ......:    222
! SUMMARY-  b_spline_surface_with_knots_and_rational_b_spline_surface ..:      2
! SUMMARY-  calendar_date ..............................................:      3
! SUMMARY-  cartesian_point ............................................:   5832
! SUMMARY-  circle .....................................................:     28
! SUMMARY-  closed_shell ...............................................:      1
! SUMMARY-  conical_surface ............................................:     16
! SUMMARY-  coordinated_universal_time_offset ..........................:      3
! SUMMARY-  cylindrical_surface ........................................:    114
! SUMMARY-  date_and_time ..............................................:      3
! SUMMARY-  direction ..................................................:    474
! SUMMARY-  edge_curve .................................................:    399
! SUMMARY-  edge_loop ..................................................:    145
! SUMMARY-  face_bound .................................................:      2
! SUMMARY-  face_outer_bound ...........................................:    143
! SUMMARY-  geometric_representation_context_and_global_uncertainty_a ..:      1
! SUMMARY-  length_unit_and_si_unit ....................................:      1
! SUMMARY-  line .......................................................:    134
! SUMMARY-  local_time .................................................:      3
! SUMMARY-  manifold_solid_brep ........................................:      1
! SUMMARY-  organization ...............................................:      1
! SUMMARY-  oriented_edge ..............................................:    798
! SUMMARY-  person .....................................................:      1
! SUMMARY-  person_and_organization ....................................:      3
! SUMMARY-  plane ......................................................:     11
! SUMMARY-  plane_angle_unit_and_si_unit ...............................:      1
! SUMMARY-  product ....................................................:      1
! SUMMARY-  product_context ............................................:      1
! SUMMARY-  product_definition .........................................:      1
! SUMMARY-  product_definition_context .................................:      1
! SUMMARY-  product_definition_formation_with_specified_source .........:      1
! SUMMARY-  product_definition_shape ...................................:      1
! SUMMARY-  product_related_product_category ...........................:      1
! SUMMARY-  si_unit_and_solid_angle_unit ...............................:      1
! SUMMARY-  uncertainty_measure_with_unit ..............................:      1
! SUMMARY-  vector .....................................................:    134
! SUMMARY-  vertex_point ...............................................:    260
! SUMMARY-                                                               -------
! SUMMARY-  Total                                                           9081
! STATUS-    
! STATUS-   Converting to Output Form (Phase 2 of 3): 19-FEB-2020 12:07:53 AM
! STATUS-    
! STATUS-    
! STATUS-   Generating UG geometry and placing them in parts
! STATUS-    
! STATUS-   Creating the UG part (Phase 3 of 3): 19-FEB-2020  12:07:53 AM
! INFO-     Filing Part ..: E:\Documents\SP 2020\Capstone\My Github Files\My-Capstone-CAD\Food Prep Module\HingeAssy\91292A196_HingeBoltThruDoor.prt
! SUMMARY-   
! SUMMARY-  Summary of Unigraphics Part Entities
! SUMMARY-   
! SUMMARY-  Entities Processed             Count
! SUMMARY-  ------------------             -----
! SUMMARY-  Solid .......................:     1
! SUMMARY-                                 -----
! SUMMARY-  Total                              1
! INFO-      
! INFO-     Total number of solids input for this translation       :         1
! INFO-      
! INFO-     Number of solids created without body validation faults :         1
! INFO-      
! INFO-     Number of solids created with body validation fault(s)  :         0
! INFO-      
! INFO-     Number of solids ending up as sheet bodies              :         0
! INFO-      
! INFO-     End of Translation: 19-FEB-2020  12:07:54 AM
! INFO-      
