STEP to UG
! INFO-     NX STEP AP214 - V1872
! INFO-      
! INFO-     Start of Translation: 17-FEB-2020  3:40:41 AM
! INFO-      
! STATUS-   Converting Part: E:\Documents\SP 2020\Capstone\My Github Files\My-Capstone-CAD\Food Prep Module\TorsionSpringAssy\91831A029_TorsionLockNut.STEP
! SUMMARY-   
! SUMMARY-    STEP Header Information
! SUMMARY-   
! SUMMARY-  Description      STEP AP203
! SUMMARY-  Imp_Level        1
! SUMMARY-  File_Name        91831A029.step
! SUMMARY-  Date             2015-02-25T16:58:09
! SUMMARY-  Author           Unknown
! SUMMARY-  Organization     Unknown
! SUMMARY-  Pre_Version      SwSTEP 2.0
! SUMMARY-  Orig_System      SolidWorks 2010
! SUMMARY-  Authorization    Unknown
! SUMMARY-  Schema_ID        config_control_design
! SUMMARY-   
! SUMMARY-    Summary of STEP Entities
! SUMMARY-   
! SUMMARY-  Entity Type                                                   Count
! SUMMARY-  -----------                                                   ------
! SUMMARY-  advanced_face ..............................................:     84
! SUMMARY-  application_context ........................................:      2
! SUMMARY-  approval ...................................................:      3
! SUMMARY-  approval_status ............................................:      3
! SUMMARY-  axis2_placement_3d .........................................:    154
! SUMMARY-  b_spline_curve_with_knots ..................................:     54
! SUMMARY-  b_spline_curve_with_knots_and_rational_b_spline_curve ......:      6
! SUMMARY-  calendar_date ..............................................:      3
! SUMMARY-  cartesian_point ............................................:   1183
! SUMMARY-  circle .....................................................:     69
! SUMMARY-  closed_shell ...............................................:      2
! SUMMARY-  conical_surface ............................................:     38
! SUMMARY-  conversion_based_unit_and_length_unit ......................:      1
! SUMMARY-  coordinated_universal_time_offset ..........................:      3
! SUMMARY-  cylindrical_surface ........................................:     28
! SUMMARY-  date_and_time ..............................................:      3
! SUMMARY-  dimensional_exponents ......................................:      1
! SUMMARY-  direction ..................................................:    360
! SUMMARY-  edge_curve .................................................:    181
! SUMMARY-  edge_loop ..................................................:     90
! SUMMARY-  face_bound .................................................:      6
! SUMMARY-  face_outer_bound ...........................................:     84
! SUMMARY-  geometric_representation_context_and_global_uncertainty_a ..:      1
! SUMMARY-  length_measure_with_unit ...................................:      1
! SUMMARY-  length_unit_and_si_unit ....................................:      1
! SUMMARY-  line .......................................................:     52
! SUMMARY-  local_time .................................................:      3
! SUMMARY-  manifold_solid_brep ........................................:      2
! SUMMARY-  organization ...............................................:      1
! SUMMARY-  oriented_edge ..............................................:    362
! SUMMARY-  person .....................................................:      1
! SUMMARY-  person_and_organization ....................................:      3
! SUMMARY-  plane ......................................................:     12
! SUMMARY-  plane_angle_unit_and_si_unit ...............................:      1
! SUMMARY-  product ....................................................:      1
! SUMMARY-  product_context ............................................:      1
! SUMMARY-  product_definition .........................................:      1
! SUMMARY-  product_definition_context .................................:      1
! SUMMARY-  product_definition_formation_with_specified_source .........:      1
! SUMMARY-  product_definition_shape ...................................:      1
! SUMMARY-  product_related_product_category ...........................:      1
! SUMMARY-  si_unit_and_solid_angle_unit ...............................:      1
! SUMMARY-  toroidal_surface ...........................................:      6
! SUMMARY-  uncertainty_measure_with_unit ..............................:      1
! SUMMARY-  vector .....................................................:     52
! SUMMARY-  vertex_point ...............................................:    103
! SUMMARY-                                                               -------
! SUMMARY-  Total                                                           2968
! STATUS-    
! STATUS-   Converting to Output Form (Phase 2 of 3): 17-FEB-2020 3:40:41 AM
! STATUS-    
! STATUS-    
! STATUS-   Generating UG geometry and placing them in parts
! STATUS-    
! STATUS-   Creating the UG part (Phase 3 of 3): 17-FEB-2020  3:40:42 AM
! INFO-     Filing Part ..: E:\Documents\SP 2020\Capstone\My Github Files\My-Capstone-CAD\Food Prep Module\TorsionSpringAssy\91831A029_TorsionLockNut.prt
! SUMMARY-   
! SUMMARY-  Summary of Unigraphics Part Entities
! SUMMARY-   
! SUMMARY-  Entities Processed             Count
! SUMMARY-  ------------------             -----
! SUMMARY-  Solid .......................:     2
! SUMMARY-                                 -----
! SUMMARY-  Total                              2
! INFO-      
! INFO-     Total number of solids input for this translation       :         2
! INFO-      
! INFO-     Number of solids created without body validation faults :         2
! INFO-      
! INFO-     Number of solids created with body validation fault(s)  :         0
! INFO-      
! INFO-     Number of solids ending up as sheet bodies              :         0
! INFO-      
! INFO-     End of Translation: 17-FEB-2020  3:40:42 AM
! INFO-      
