STEP to UG
! INFO-     NX STEP AP214 - V1872
! INFO-      
! INFO-     Start of Translation: 17-FEB-2020  1:35:26 AM
! INFO-      
! STATUS-   Converting Part: E:\Documents\SP 2020\Capstone\My Github Files\My-Capstone-CAD\Food Prep Module\94710A102_M5Locknut.STEP
! SUMMARY-   
! SUMMARY-    STEP Header Information
! SUMMARY-   
! SUMMARY-  Description      STEP AP203
! SUMMARY-  Imp_Level        1
! SUMMARY-  File_Name        94710A102.STEP
! SUMMARY-  Date             2019-12-03T15:34:14
! SUMMARY-  Author           Unknown
! SUMMARY-  Organization     Unknown
! SUMMARY-  Pre_Version      SwSTEP 2.0
! SUMMARY-  Orig_System      SolidWorks 2017
! SUMMARY-  Authorization    Unknown
! SUMMARY-  Schema_ID        config_control_design
! SUMMARY-   
! SUMMARY-    Summary of STEP Entities
! SUMMARY-   
! SUMMARY-  Entity Type                                                   Count
! SUMMARY-  -----------                                                   ------
! SUMMARY-  advanced_face ..............................................:     57
! SUMMARY-  application_context ........................................:      2
! SUMMARY-  approval ...................................................:      3
! SUMMARY-  approval_status ............................................:      3
! SUMMARY-  axis2_placement_3d .........................................:    100
! SUMMARY-  b_spline_curve_with_knots ..................................:     22
! SUMMARY-  b_spline_curve_with_knots_and_rational_b_spline_curve ......:     34
! SUMMARY-  b_spline_surface_with_knots_and_rational_b_spline_surface ..:      3
! SUMMARY-  calendar_date ..............................................:      3
! SUMMARY-  cartesian_point ............................................:   1902
! SUMMARY-  circle .....................................................:     45
! SUMMARY-  closed_shell ...............................................:      2
! SUMMARY-  conical_surface ............................................:     17
! SUMMARY-  coordinated_universal_time_offset ..........................:      3
! SUMMARY-  cylindrical_surface ........................................:     23
! SUMMARY-  date_and_time ..............................................:      3
! SUMMARY-  direction ..................................................:    238
! SUMMARY-  edge_curve .................................................:    139
! SUMMARY-  edge_loop ..................................................:     61
! SUMMARY-  face_bound .................................................:      4
! SUMMARY-  face_outer_bound ...........................................:     57
! SUMMARY-  geometric_representation_context_and_global_uncertainty_a ..:      1
! SUMMARY-  length_unit_and_si_unit ....................................:      1
! SUMMARY-  line .......................................................:     38
! SUMMARY-  local_time .................................................:      3
! SUMMARY-  manifold_solid_brep ........................................:      2
! SUMMARY-  organization ...............................................:      1
! SUMMARY-  oriented_edge ..............................................:    278
! SUMMARY-  person .....................................................:      1
! SUMMARY-  person_and_organization ....................................:      3
! SUMMARY-  plane ......................................................:     10
! SUMMARY-  plane_angle_unit_and_si_unit ...............................:      1
! SUMMARY-  product ....................................................:      1
! SUMMARY-  product_context ............................................:      1
! SUMMARY-  product_definition .........................................:      1
! SUMMARY-  product_definition_context .................................:      1
! SUMMARY-  product_definition_formation_with_specified_source .........:      1
! SUMMARY-  product_definition_shape ...................................:      1
! SUMMARY-  product_related_product_category ...........................:      1
! SUMMARY-  si_unit_and_solid_angle_unit ...............................:      1
! SUMMARY-  spherical_surface ..........................................:      2
! SUMMARY-  toroidal_surface ...........................................:      2
! SUMMARY-  uncertainty_measure_with_unit ..............................:      1
! SUMMARY-  vector .....................................................:     38
! SUMMARY-  vertex_point ...............................................:     86
! SUMMARY-                                                               -------
! SUMMARY-  Total                                                           3197
! STATUS-    
! STATUS-   Converting to Output Form (Phase 2 of 3): 17-FEB-2020 1:35:26 AM
! STATUS-    
! STATUS-    
! STATUS-   Generating UG geometry and placing them in parts
! STATUS-    
! STATUS-   Creating the UG part (Phase 3 of 3): 17-FEB-2020  1:35:27 AM
! INFO-     Filing Part ..: E:\Documents\SP 2020\Capstone\My Github Files\My-Capstone-CAD\Food Prep Module\94710A102_M5Locknut.prt
! SUMMARY-   
! SUMMARY-  Summary of Unigraphics Part Entities
! SUMMARY-   
! SUMMARY-  Entities Processed             Count
! SUMMARY-  ------------------             -----
! SUMMARY-  Solid .......................:     2
! SUMMARY-                                 -----
! SUMMARY-  Total                              2
! INFO-      
! INFO-     Total number of solids input for this translation       :         2
! INFO-      
! INFO-     Number of solids created without body validation faults :         2
! INFO-      
! INFO-     Number of solids created with body validation fault(s)  :         0
! INFO-      
! INFO-     Number of solids ending up as sheet bodies              :         0
! INFO-      
! INFO-     End of Translation: 17-FEB-2020  1:35:27 AM
! INFO-      
