1
 
 
 
 
                                                             
                 Copyright 2018 Siemens Product Lifecycle    
                        Management Software Inc.             
                         All Rights Reserved.                
                                                             
               This software and related documentation are   
                 proprietary to Siemens Product Lifecycle    
                        Management Software Inc.             
                                                             
              Siemens and the Siemens logo are registered    
           trademarks of Siemens AG. Simcenter is a trademark
              or registered trademark of Siemens Product     
               Lifecycle Management Software Inc. or its     
             subsidiaries in the United States and in other  
             countries.  NASTRAN is a registered trademark   
                 of the National Aeronautics and Space       
                 Administration.  All other trademarks,      
              registered trademarks or service marks belong  
                      to their respective holders.           
                                                             
           LIMITATIONS TO U.S. GOVERNMENT RIGHTS. UNPUBLISHED
           - RIGHTS RESERVED UNDER THE COPYRIGHT LAWS OF THE 
            UNITED STATES. This computer software and related
               computer software documentation have been     
            developed exclusively at private expense and are 
           provided subject to the following rights:  If this
               computer software and computer  software      
            documentation qualify as "commercial items" (as  
             that term is defined in FAR 2.101), their use,  
            duplication or disclosure by the U.S. Government 
           is subject to the protections and restrictions as 
            set forth in the Siemens commercial license for  
            software and/or documentation, as prescribed in  
           FAR 12.212 and FAR 27.405(b)(2)(i) (for civilian  
             agencies) and in DFARS 227.7202-1(a) and DFARS  
           227.7202-3(a) (for the Department of Defense), or 
           any successor or similar regulation, as applicable
           or as amended from time to time.  If this computer
           software and computer documentation do not qualify
            as "commercial items", then they are "restricted 
           computer software" and are provided with "restric-
            tive rights", and their use, duplication or dis- 
            closure by the U.S. Government is subject to the 
            protections and restrictions as set forth in FAR 
           27.404(b) and FAR 52-227-14 (for civilian agencies
           ), and DFARS 227.7203-5(c) and DFARS 252.227-7014 
           (for the Department of Defense), or any successor 
           or similar regulation, as applicable or as amended
              from time to time.  Siemens PLM Software Inc.  
            5800 Granite Parkway, Suite 600, Plano, TX 75024 

                * * * * * * * * * * * * * * * * * * * *
                * * * * * * * * * * * * * * * * * * * *
                * *                                 * *
                * *                                 * *
                * *                                 * *
                * *                                 * *
                * *     Simcenter Nastran 2019.2    * *
                * *                                 * *
                * *       VERSION - 1872.0150       * *
                * *                                 * *
                * *          MAY  9, 2019           * *
                * *                                 * *
                * *                                 * *
                * *Intel64 Family 6 Model 158 Stepp * *
                * *                                 * *
                * *MODEL Intel(R) Core(TM) i7-9700K * *
                * *                                 * *
                * *           Windows 10            * *
                * *                                 * *
                * *       Compiled for X86-64       * *
                * *                                 * *
                * * * * * * * * * * * * * * * * * * * *
                * * * * * * * * * * * * * * * * * * * *
1 
  
                  Welcome to Simcenter Nastran 2019.1
                  -----------------------------------
  
  
 This "news" information can be turned off by setting "news=no" in the runtime
 configuration (RC) file.  The "news" keyword can be set in the system RC file
 for global, or multi-user control, and in a local file for local control.
 Individual jobs can be controlled by setting news to yes or no on the command
 line.
1                                                                             APRIL  23, 2020  SIMCENTER NASTRAN  5/ 9/19   PAGE     1
                                                                                                                                    
0        N A S T R A N    F I L E    A N D    S Y S T E M    P A R A M E T E R    E C H O                                           
0                                                                                                                                   
                                                                                                                                    
                                                                                                                                    
     NASTRAN BUFFSIZE=32769 $(C:/PROGRAM FILES/SIEMENS/NX1872/NXNASTRAN/CONF/NASTRAN.
     NASTRAN BUFFPOOL=5873                                                           
     NASTRAN DIAGA=128 DIAGB=0 $(C:/PROGRAM FILES/SIEMENS/NX1872/NXNASTRAN/CONF/NASTR
     NASTRAN SYSTEM(442)=2 $(COMMAND LINE[5])                                        
     NASTRAN REAL=2137784320 $(MEMORY LIMIT FOR MPI AND OTHER SPECIALIZED MODULES)   
     $*$$$$$$$$$$$$$$$$$$$$$$$$$$$$$$$$$$$$$$$$$$$$$$$$$$$$$$$$$$$$$$$$$             
     $*                                                                              
     $*                    SIMCENTER V1872.0.0.1500 TRANSLATOR                       
     $*                    FOR SIMCENTER NASTRAN VERSION 2019.2                      
     $*                                                                              
     $*             FEM FILE: D:\DOCUMENTS\SP 2020\CAPSTONE\MY GITHUB FILES\MY-CAPSTO
     $*             SIM FILE: D:\DOCUMENTS\SP 2020\CAPSTONE\MY GITHUB FILES\MY-CAPSTO
     $*        ANALYSIS TYPE: STRUCTURAL                                             
     $*        SOLUTION NAME: BUCKLING SIM                                           
     $*        SOLUTION TYPE: SOL 105 LINEAR BUCKLING                                
     $*                                                                              
     $*    SOLVER INPUT FILE: FLOORLAYOUT_SIM1-BUCKLING_SIM.DAT                      
     $*        CREATION DATE: 23-APR-2020                                            
     $*        CREATION TIME: 00:09:29                                               
     $*             HOSTNAME: DESKTOP-J4GIDPN                                        
     $*      NASTRAN LICENSE: DESKTOP BUNDLE                                         
     $*                                                                              
     $*                UNITS: MM (MILLI-NEWTON)                                      
     $*                      ... LENGTH : MM                                         
     $*                      ... TIME   : SEC                                        
     $*                      ... MASS   : KILOGRAM (KG)                              
     $*                      ... TEMPERATURE : DEG CELSIUS                           
     $*                      ... FORCE  : MILLI-NEWTON                               
     $*                      ... THERMAL ENERGY : MN-MM (MICRO-JOULE)                
     $*                                                                              
     $* IMPORTANT NOTE:                                                              
     $*     THIS BANNER WAS GENERATED BY SIMCENTER AND ALTERING THIS                 
     $*     INFORMATION MAY COMPROMISE THE PRE AND POST PROCESSING OF RESULTS        
     $*                                                                              
     $*$$$$$$$$$$$$$$$$$$$$$$$$$$$$$$$$$$$$$$$$$$$$$$$$$$$$$$$$$$$$$$$$$             
     $*                                                                              
     $*$$$$$$$$$$$$$$$$$$$$$$$$$$$$$$$$$$$                                           
     $*                                                                              
     $* FILE MANAGEMENT                                                              
     $*                                                                              
     $*$$$$$$$$$$$$$$$$$$$$$$$$$$$$$$$$$$$                                           
     $*                                                                              
     $*                                                                              
     $*$$$$$$$$$$$$$$$$$$$$$$$$$$$$$$$$$$$                                           
     $*                                                                              
     $* EXECUTIVE CONTROL                                                            
     $*                                                                              
     $*$$$$$$$$$$$$$$$$$$$$$$$$$$$$$$$$$$$                                           
     $*                                                                              
1                                                                             APRIL  23, 2020  SIMCENTER NASTRAN  5/ 9/19   PAGE     2
                                                                                                                                    
0        N A S T R A N    E X E C U T I V E    C O N T R O L    E C H O                                                             
0                                                                                                                                   
                                                                                                                                    
                                                                                                                                    
     ID,NASTRAN,FLOORLAYOUT_SIM1-BUCKLING_SIM                                                
     SOL 105                                                                                 
     CEND                                                                                    
1                                                                             APRIL  23, 2020  SIMCENTER NASTRAN  5/ 9/19   PAGE     3
                                                                                                                                    
0                                                                                                                                   
0                                        C A S E    C O N T R O L    E C H O                                                        
                 COMMAND                                                                                                            
                 COUNT                                                                                                              
                  1      $*                                                                                      
                  2      $*$$$$$$$$$$$$$$$$$$$$$$$$$$$$$$$$$$$                                                   
                  3      $*                                                                                      
                  4      $* CASE CONTROL                                                                         
                  5      $*                                                                                      
                  6      $*$$$$$$$$$$$$$$$$$$$$$$$$$$$$$$$$$$$                                                   
                  7      $*                                                                                      
                  8      ECHO = NONE                                                                             
                  9      SPC = 1                                                                                 
                 10      OUTPUT                                                                                  
                 11      DISPLACEMENT(PLOT,REAL) = ALL                                                           
                 12      SPCFORCES(PLOT,REAL) = ALL                                                              
                 13      STRESS(PLOT,REAL,VONMISES,CENTER) = ALL                                                 
                 14      $*  STEP: SUBCASE - BUCKLING LOADS                                                      
                 15      SUBCASE 1                                                                               
                 16        LABEL = SUBCASE - BUCKLING LOADS                                                      
                 17        LOAD = 101                                                                            
                 18      $*  STEP: SUBCASE - BUCKLING METHOD                                                     
                 19      SUBCASE 2                                                                               
                 20        LABEL = SUBCASE - BUCKLING METHOD                                                     
                 21        METHOD = 102                                                                          
                 22      $*                                                                                      
                 23      $*$$$$$$$$$$$$$$$$$$$$$$$$$$$$$$$$$$$                                                   
                 24      $*                                                                                      
                 25      $* BULK DATA                                                                            
                 26      $*                                                                                      
                 27      $*$$$$$$$$$$$$$$$$$$$$$$$$$$$$$$$$$$$                                                   
                 28      $*                                                                                      
                 29      BEGIN BULK                                                                              
0                             INPUT BULK DATA ENTRY COUNT =      173371
0                       TOTAL COUNT=    173262


                                        M O D E L   S U M M A R Y

                                   NUMBER OF GRID     POINTS   =    49959
 
 
                                   NUMBER OF CQUAD4   ELEMENTS =    46287
                                   NUMBER OF CTRIA3   ELEMENTS =        2
 
                                   NUMBER OF RBE3     ELEMENTS =    11647
1                                                                             APRIL  23, 2020  SIMCENTER NASTRAN  5/ 9/19   PAGE     4
                                                                                                                                    
0                                                                                                                                   
0                                                                                                                                   
                                                                                                                                    
                                                                                                                                    
 *** USER INFORMATION MESSAGE 4109 (OUTPBN2)
     THE LABEL IS NX2019.2 FOR FORTRAN UNIT 12
     (MAXIMUM SIZE OF FORTRAN RECORDS WRITTEN =        7 WORDS.)
     (NUMBER OF FORTRAN RECORDS WRITTEN =        8 RECORDS.)
     (TOTAL DATA WRITTEN FOR TAPE LABEL =       17 WORDS.)
 *** USER INFORMATION MESSAGE 4114 (OUTPBN2)
     DATA BLOCK IBULK    WRITTEN ON FORTRAN UNIT  12, TRL =
                    101                 1                 0                 0                 0                 0                 0
     (MAXIMUM POSSIBLE FORTRAN RECORD SIZE =    65538 WORDS.)
     (MAXIMUM SIZE OF FORTRAN RECORDS WRITTEN =       20 WORDS.)
     (NUMBER OF FORTRAN RECORDS WRITTEN =   866864 RECORDS.)
     (TOTAL DATA WRITTEN FOR DATA BLOCK =  4160903 WORDS.)
 *** USER INFORMATION MESSAGE 4114 (OUTPBN2)
     DATA BLOCK ICASE    WRITTEN ON FORTRAN UNIT  12, TRL =
                    102                31                 0                 0                 0                 0                 0
     (MAXIMUM POSSIBLE FORTRAN RECORD SIZE =    65538 WORDS.)
     (MAXIMUM SIZE OF FORTRAN RECORDS WRITTEN =       20 WORDS.)
     (NUMBER OF FORTRAN RECORDS WRITTEN =      169 RECORDS.)
     (TOTAL DATA WRITTEN FOR DATA BLOCK =      770 WORDS.)
 *** USER INFORMATION MESSAGE 4114 (OUTPBN2)
     DATA BLOCK CASECC   WRITTEN ON FORTRAN UNIT  12, TRL =
                    103                 2                 0              1200                 0                 0                 0
     (MAXIMUM POSSIBLE FORTRAN RECORD SIZE =    65538 WORDS.)
     (MAXIMUM SIZE OF FORTRAN RECORDS WRITTEN =     1200 WORDS.)
     (NUMBER OF FORTRAN RECORDS WRITTEN =       24 RECORDS.)
     (TOTAL DATA WRITTEN FOR DATA BLOCK =     2430 WORDS.)
 *** USER INFORMATION MESSAGE 4114 (OUTPBN2)
     DATA BLOCK PVT0     WRITTEN ON FORTRAN UNIT  12, TRL =
                    101                28                 0                 0                 0                 0                 0
     (MAXIMUM POSSIBLE FORTRAN RECORD SIZE =    65538 WORDS.)
     (MAXIMUM SIZE OF FORTRAN RECORDS WRITTEN =       28 WORDS.)
     (NUMBER OF FORTRAN RECORDS WRITTEN =       19 RECORDS.)
     (TOTAL DATA WRITTEN FOR DATA BLOCK =       54 WORDS.)
 *** USER INFORMATION MESSAGE 4114 (OUTPBN2)
     DATA BLOCK GPL      WRITTEN ON FORTRAN UNIT  12, TRL =
                    101             49959             49959                 0                 0                 0                 0
     (MAXIMUM POSSIBLE FORTRAN RECORD SIZE =    65538 WORDS.)
     (MAXIMUM SIZE OF FORTRAN RECORDS WRITTEN =    65538 WORDS.)
     (NUMBER OF FORTRAN RECORDS WRITTEN =       26 RECORDS.)
     (TOTAL DATA WRITTEN FOR DATA BLOCK =   149908 WORDS.)
 *** USER INFORMATION MESSAGE 4114 (OUTPBN2)
     DATA BLOCK GPDT     WRITTEN ON FORTRAN UNIT  12, TRL =
                    102             49959                 7                 0                 1                 0                 0
     (MAXIMUM POSSIBLE FORTRAN RECORD SIZE =    65538 WORDS.)
     (MAXIMUM SIZE OF FORTRAN RECORDS WRITTEN =    65538 WORDS.)
     (NUMBER OF FORTRAN RECORDS WRITTEN =       33 RECORDS.)
     (TOTAL DATA WRITTEN FOR DATA BLOCK =   499616 WORDS.)
1                                                                             APRIL  23, 2020  SIMCENTER NASTRAN  5/ 9/19   PAGE     5
                                                                                                                                    
0                                                                                                                                   
0                                                                                                                                   
                                                                                                                                    
                                                                                                                                    
 *** USER INFORMATION MESSAGE 4114 (OUTPBN2)
     DATA BLOCK EPT      WRITTEN ON FORTRAN UNIT  12, TRL =
                    101                 0               512                 0                 0                 0                 0
     (MAXIMUM POSSIBLE FORTRAN RECORD SIZE =    65538 WORDS.)
     (MAXIMUM SIZE OF FORTRAN RECORDS WRITTEN =       58 WORDS.)
     (NUMBER OF FORTRAN RECORDS WRITTEN =       24 RECORDS.)
     (TOTAL DATA WRITTEN FOR DATA BLOCK =       91 WORDS.)
 *** USER INFORMATION MESSAGE 4114 (OUTPBN2)
     DATA BLOCK MPT      WRITTEN ON FORTRAN UNIT  12, TRL =
                    101             32768                 0                 0                 0                 0                 0
     (MAXIMUM POSSIBLE FORTRAN RECORD SIZE =    65538 WORDS.)
     (MAXIMUM SIZE OF FORTRAN RECORDS WRITTEN =       15 WORDS.)
     (NUMBER OF FORTRAN RECORDS WRITTEN =       24 RECORDS.)
     (TOTAL DATA WRITTEN FOR DATA BLOCK =       48 WORDS.)
 *** USER INFORMATION MESSAGE 4114 (OUTPBN2)
     DATA BLOCK GEOM2    WRITTEN ON FORTRAN UNIT  12, TRL =
                    101                 0                 0                 0              8224                 0                 0
     (MAXIMUM POSSIBLE FORTRAN RECORD SIZE =    65538 WORDS.)
     (MAXIMUM SIZE OF FORTRAN RECORDS WRITTEN =    65538 WORDS.)
     (NUMBER OF FORTRAN RECORDS WRITTEN =       47 RECORDS.)
     (TOTAL DATA WRITTEN FOR DATA BLOCK =   648087 WORDS.)
 *** USER INFORMATION MESSAGE 4114 (OUTPBN2)
     DATA BLOCK GEOM3    WRITTEN ON FORTRAN UNIT  12, TRL =
                    102                 0                 0                16                 8               256                 0
     (MAXIMUM POSSIBLE FORTRAN RECORD SIZE =    65538 WORDS.)
     (MAXIMUM SIZE OF FORTRAN RECORDS WRITTEN =    65538 WORDS.)
     (NUMBER OF FORTRAN RECORDS WRITTEN =       40 RECORDS.)
     (TOTAL DATA WRITTEN FOR DATA BLOCK =   236861 WORDS.)
 *** USER INFORMATION MESSAGE 4114 (OUTPBN2)
     DATA BLOCK GEOM4    WRITTEN ON FORTRAN UNIT  12, TRL =
                    103                 0                 0                 0               512               512                 0
     (MAXIMUM POSSIBLE FORTRAN RECORD SIZE =    65538 WORDS.)
     (MAXIMUM SIZE OF FORTRAN RECORDS WRITTEN =    65538 WORDS.)
     (NUMBER OF FORTRAN RECORDS WRITTEN =       33 RECORDS.)
     (TOTAL DATA WRITTEN FOR DATA BLOCK =   154783 WORDS.)
 *** USER INFORMATION MESSAGE 4114 (OUTPBN2)
     DATA BLOCK GEOM1    WRITTEN ON FORTRAN UNIT  12, TRL =
                    104                 0                 0                 8                 0                 0                 0
     (MAXIMUM POSSIBLE FORTRAN RECORD SIZE =    65538 WORDS.)
     (MAXIMUM SIZE OF FORTRAN RECORDS WRITTEN =    65538 WORDS.)
     (NUMBER OF FORTRAN RECORDS WRITTEN =       40 RECORDS.)
     (TOTAL DATA WRITTEN FOR DATA BLOCK =   549585 WORDS.)
 *** USER INFORMATION MESSAGE 4114 (OUTPBN2)
     DATA BLOCK BGPDT    WRITTEN ON FORTRAN UNIT  12, TRL =
                    105             49959                 0            299754                 1                 0             71426
     (MAXIMUM POSSIBLE FORTRAN RECORD SIZE =    65538 WORDS.)
     (MAXIMUM SIZE OF FORTRAN RECORDS WRITTEN =    65538 WORDS.)
     (NUMBER OF FORTRAN RECORDS WRITTEN =       44 RECORDS.)
     (TOTAL DATA WRITTEN FOR DATA BLOCK =   699456 WORDS.)
1                                                                             APRIL  23, 2020  SIMCENTER NASTRAN  5/ 9/19   PAGE     6
                                                                                                                                    
0                                                                                                                                   
0                                                                                                                                   
                                                                                                                                    
                                                                                                                                    
 *** USER INFORMATION MESSAGE 4114 (OUTPBN2)
     DATA BLOCK DYNAMICS WRITTEN ON FORTRAN UNIT  12, TRL =
                    102               256                 0                 0                 0                 0                 0
     (MAXIMUM POSSIBLE FORTRAN RECORD SIZE =    65538 WORDS.)
     (MAXIMUM SIZE OF FORTRAN RECORDS WRITTEN =       30 WORDS.)
     (NUMBER OF FORTRAN RECORDS WRITTEN =       24 RECORDS.)
     (TOTAL DATA WRITTEN FOR DATA BLOCK =       63 WORDS.)
 *** USER INFORMATION MESSAGE 4114 (OUTPBN2)
     DATA BLOCK EQEXIN   WRITTEN ON FORTRAN UNIT  12, TRL =
                    101             49959                 0                 0                 0                 0                 0
     (MAXIMUM POSSIBLE FORTRAN RECORD SIZE =    65538 WORDS.)
     (MAXIMUM SIZE OF FORTRAN RECORDS WRITTEN =    65538 WORDS.)
     (NUMBER OF FORTRAN RECORDS WRITTEN =       28 RECORDS.)
     (TOTAL DATA WRITTEN FOR DATA BLOCK =   199866 WORDS.)
 *** USER INFORMATION MESSAGE 7555 (GMTSTS)
     FINITE ELEMENT GEOMETRY CHECK RESULTS EXCEED TOLERANCE LEVELS FOR THE FOLLOWING ELEMENTS.
     USER ACTION: USE THE GEOMCHECK (EXECUTIVE CONTROL STATEMENT) KEYWORD=VALUE TO CHANGE TOLERANCE VALUES IF DESIRED.
     A MAXIMUM OF        100 SKEW ANGLE (SA)      TOLERANCE LIMIT VIOLATIONS WILL BE IDENTIFIED AND INDICATED BY xxxx.
     A MAXIMUM OF        100 MIN INT. ANGLE (IA)  TOLERANCE LIMIT VIOLATIONS WILL BE IDENTIFIED AND INDICATED BY xxxx.
     A MAXIMUM OF        100 MAX INT. ANGLE (IA)  TOLERANCE LIMIT VIOLATIONS WILL BE IDENTIFIED AND INDICATED BY xxxx.
     A MAXIMUM OF        100 WARPING FACTOR (WF)  TOLERANCE LIMIT VIOLATIONS WILL BE IDENTIFIED AND INDICATED BY xxxx.
     A MAXIMUM OF        100 TAPER RATIO (TR)     TOLERANCE LIMIT VIOLATIONS WILL BE IDENTIFIED AND INDICATED BY xxxx.
     A MAXIMUM OF        100 ASPECT RATIO (AR)    TOLERANCE LIMIT VIOLATIONS WILL BE IDENTIFIED AND INDICATED BY xxxx.
1                                                                             APRIL  23, 2020  SIMCENTER NASTRAN  5/ 9/19   PAGE     7
                                                                                                                                    
0                                                                                                                                   
     TOLERANCE LIMITS ARE:  SA =  30.00, IA(MIN) =  30.00, IA(MAX) = 150.00, WF =   0.05, TR =   0.50, AR = 100.00
 (xxxx = LIMIT VIOLATED)
 ELEMENT TYPE       ID          SKEW ANGLE      MIN INT. ANGLE    MAX INT. ANGLE    WARPING FACTOR      TAPER RATIO      ASPECT RATIO  
    QUAD4       56579        76.64             55.17            116.70              0.00              0.51 xxxx         1.94     
    QUAD4       56977        75.49             54.07            116.09              0.00              0.52 xxxx         1.94     
    QUAD4       57209        75.29             54.03            115.43              0.00              0.51 xxxx         1.88     
    QUAD4       57309        72.72             51.00            116.35              0.00              0.54 xxxx         2.05     
    QUAD4       57326        78.89             57.13            118.85              0.00              0.51 xxxx         2.17     
    QUAD4       57470        76.87             55.43            116.68              0.00              0.51 xxxx         1.91     
    QUAD4       57864        76.81             55.38            116.64              0.00              0.51 xxxx         1.91     
    QUAD4       58244        76.54             55.10            116.59              0.00              0.51 xxxx         1.94     
    QUAD4       58685        88.08             67.86            131.22              0.00              0.53 xxxx         1.76     
    QUAD4       58792        88.96             67.83            128.74              0.00              0.51 xxxx         1.75     
    QUAD4       58799        88.78             65.76            126.30              0.00              0.50 xxxx         1.79     
    QUAD4       59059        72.94             51.49            115.24              0.00              0.52 xxxx         2.42     
    QUAD4       59099        76.75             55.30            116.70              0.00              0.51 xxxx         1.92     
    QUAD4       59379        76.51             55.07            116.57              0.00              0.51 xxxx         1.94     
    QUAD4       59713        76.25             54.84            116.35              0.00              0.51 xxxx         1.93     
    QUAD4       59911        75.78             54.35            116.24              0.00              0.52 xxxx         1.94     
    QUAD4       60028        84.32             61.23            125.09              0.00              0.53 xxxx         1.88     
    QUAD4       60036        83.33             61.27            121.42              0.00              0.50 xxxx         1.76     
    QUAD4       60042        70.64             49.57            113.35              0.00              0.53 xxxx         2.05     
    QUAD4       60132        67.96             46.67            113.66              0.00              0.56 xxxx         2.27     
    QUAD4       60831        76.75             55.31            116.65              0.00              0.51 xxxx         1.94     
    QUAD4       61229        74.56             53.15            115.74              0.00              0.52 xxxx         1.96     
    QUAD4       61421        72.94             51.49            115.24              0.00              0.52 xxxx         2.42     
    QUAD4       61461        76.81             55.37            116.67              0.00              0.51 xxxx         1.92     
    QUAD4       63065        88.08             67.87            131.22              0.00              0.53 xxxx         1.76     
    QUAD4       63172        88.97             67.82            128.73              0.00              0.51 xxxx         1.75     
    QUAD4       63179        88.78             65.76            126.30              0.00              0.50 xxxx         1.79     
    QUAD4       63270        79.26             57.43            118.09              0.00              0.50 xxxx         1.94     
    QUAD4       63455        72.94             51.49            115.23              0.00              0.52 xxxx         2.42     
    QUAD4       63495        76.75             55.30            116.70              0.00              0.51 xxxx         1.92     
    QUAD4       63563        71.32             49.79            115.36              0.00              0.55 xxxx         2.02     
    QUAD4       63774        76.59             55.17            116.53              0.00              0.51 xxxx         1.95     
    QUAD4       64108        76.25             54.84            116.35              0.00              0.51 xxxx         1.93     
    QUAD4       64416        84.33             61.24            125.09              0.00              0.53 xxxx         1.88     
    QUAD4       64424        83.33             61.27            121.42              0.00              0.50 xxxx         1.76     
    QUAD4       64488        85.64             62.38            126.31              0.00              0.53 xxxx         1.87     
    QUAD4       64645        71.86             50.19            115.68              0.00              0.54 xxxx         2.12     
1                                                                             APRIL  23, 2020  SIMCENTER NASTRAN  5/ 9/19   PAGE     8
                                                                                                                                    
0                                                                                                                                   


                            E L E M E N T   G E O M E T R Y   T E S T   R E S U L T S   S U M M A R Y
                                        TOTAL NUMBER OF TIMES TOLERANCES WERE EXCEEDED
 ELEMENT     SKEW    ASPECT/       MINIMUM       MAXIMUM    SURFACE/FACE  THICKNESS/     EDGE POINT    EDGE POINT       JACOBIAN
 TYPE        ANGLE  TAPER RATIO  INTER. ANGLE  INTER. ANGLE  WARP FACTOR  OFFSET RATIO  LENGTH RATIO  INCLUDED ANGLE  DETERMINANT
 QUAD4           0         37             0             0             0           N/A           N/A           N/A           N/A     
 TRIA3           0        N/A           N/A             0           N/A           N/A           N/A           N/A           N/A     

         N/A IN THE ABOVE TABLE INDICATES TESTS THAT ARE NOT APPLICABLE TO THE ELEMENT TYPE AND WERE NOT PERFORMED.
         FOR ALL ELEMENTS WHERE GEOMETRY TEST RESULTS HAVE EXCEEDED TOLERANCES,

         QUAD4    ELEMENT ID    60132 PRODUCED LARGEST  TAPER RATIO      OF       0.56 (TOLERANCE =        0.50).
1                                                                             APRIL  23, 2020  SIMCENTER NASTRAN  5/ 9/19   PAGE     9
                                                                                                                                    
0                                                                                                                                   
 *** USER INFORMATION MESSAGE 7310 (VECPRN)
     ORIGIN OF SUPERELEMENT BASIC COORDINATE SYSTEM WILL BE USED AS REFERENCE LOCATION.
     RESULTANTS ABOUT ORIGIN OF SUPERELEMENT BASIC COORDINATE SYSTEM IN SUPERELEMENT BASIC SYSTEM COORDINATES.
0                                                  OLOAD    RESULTANT       
  SUBCASE/    LOAD
  DAREA ID    TYPE       T1            T2            T3            R1            R2            R3
0        1     FX    0.000000E+00     ----          ----          ----       0.000000E+00  0.000000E+00                             
               FY       ----       0.000000E+00     ----       0.000000E+00     ----       0.000000E+00                             
               FZ       ----          ----      -1.355462E+07  2.349200E+10 -6.294669E+09     ----                                  
               MX       ----          ----          ----       0.000000E+00     ----          ----                                  
               MY       ----          ----          ----          ----       0.000000E+00     ----                                  
               MZ       ----          ----          ----          ----          ----       0.000000E+00                             
             TOTALS  0.000000E+00  0.000000E+00 -1.355462E+07  2.349200E+10 -6.294669E+09  0.000000E+00                             
1                                                                             APRIL  23, 2020  SIMCENTER NASTRAN  5/ 9/19   PAGE    10
                                                                                                                                    
0                                                                                                                                   
 *** USER INFORMATION MESSAGE 7310 (VECPRN)
     ORIGIN OF SUPERELEMENT BASIC COORDINATE SYSTEM WILL BE USED AS REFERENCE LOCATION.
     RESULTANTS ABOUT ORIGIN OF SUPERELEMENT BASIC COORDINATE SYSTEM IN SUPERELEMENT BASIC SYSTEM COORDINATES.
0                                                  OLOAD    RESULTANT       
  SUBCASE/    LOAD
  DAREA ID    TYPE       T1            T2            T3            R1            R2            R3
0        2     FX    0.000000E+00     ----          ----          ----       0.000000E+00  0.000000E+00                             
               FY       ----       0.000000E+00     ----       0.000000E+00     ----       0.000000E+00                             
               FZ       ----          ----       0.000000E+00  0.000000E+00  0.000000E+00     ----                                  
               MX       ----          ----          ----       0.000000E+00     ----          ----                                  
               MY       ----          ----          ----          ----       0.000000E+00     ----                                  
               MZ       ----          ----          ----          ----          ----       0.000000E+00                             
             TOTALS  0.000000E+00  0.000000E+00  0.000000E+00  0.000000E+00  0.000000E+00  0.000000E+00                             
 ^^^ USER INFORMATION MESSAGE (XMCE1)    
 ^^^ USING ALTERNATE MULTIPOINT CONSTRAINT ELIMINATION   
 *** USER INFORMATION MESSAGE - SINGULARITIES FOUND USING EIGENVALUE METHOD
 ***       0 SINGULARITIES FOUND         0 SINGULARITIES ELIMINATED
 *** SYSTEM INFORMATION MESSAGE 6916 (DFMSYN)
     DECOMP ORDERING METHOD CHOSEN: DEFAULT, ORDERING METHOD USED: METIS
1                                                                             APRIL  23, 2020  SIMCENTER NASTRAN  5/ 9/19   PAGE    11
                                                                                                                                    
0                                                                                                            SUBCASE 1              
 *** USER INFORMATION MESSAGE 5293 (SSG3A)
    FOR DATA BLOCK KLL     
    LOAD SEQ. NO.             EPSILON              EXTERNAL WORK      EPSILONS LARGER THAN 0.001 ARE FLAGGED WITH ASTERISKS
                1          8.3696122E-12          2.1012054E+08
1                                                                             APRIL  23, 2020  SIMCENTER NASTRAN  5/ 9/19   PAGE    12
                                                                                                                                    
0                                                                                                                                   
 *** USER INFORMATION MESSAGE 7310 (VECPRN)
     ORIGIN OF SUPERELEMENT BASIC COORDINATE SYSTEM WILL BE USED AS REFERENCE LOCATION.
     RESULTANTS ABOUT ORIGIN OF SUPERELEMENT BASIC COORDINATE SYSTEM IN SUPERELEMENT BASIC SYSTEM COORDINATES.
0                                                  SPCFORCE RESULTANT       
  SUBCASE/    LOAD
  DAREA ID    TYPE       T1            T2            T3            R1            R2            R3
0        1     FX   -3.477142E-04     ----          ----          ----      -2.638743E+09 -2.392371E+09                             
               FY       ----      -5.426784E-05     ----       9.912920E+09     ----       2.392371E+09                             
               FZ       ----          ----       1.355462E+07 -3.340492E+10  8.933412E+09     ----                                  
               MX       ----          ----          ----       0.000000E+00     ----          ----                                  
               MY       ----          ----          ----          ----       0.000000E+00     ----                                  
               MZ       ----          ----          ----          ----          ----       0.000000E+00                             
             TOTALS -3.477142E-04 -5.426784E-05  1.355462E+07 -2.349200E+10  6.294669E+09 -6.189542E-01                             
 *** USER INFORMATION MESSAGE 4114 (OUTPBN2)
     DATA BLOCK OQG1     WRITTEN ON FORTRAN UNIT  12, TRL =
                    101                 6              6456                23                20                 0                 1
     (MAXIMUM POSSIBLE FORTRAN RECORD SIZE =    65538 WORDS.)
     (MAXIMUM SIZE OF FORTRAN RECORDS WRITTEN =    65538 WORDS.)
     (NUMBER OF FORTRAN RECORDS WRITTEN =       36 RECORDS.)
     (TOTAL DATA WRITTEN FOR DATA BLOCK =   399853 WORDS.)
 *** USER INFORMATION MESSAGE 4114 (OUTPBN2)
     DATA BLOCK BOUGV1   WRITTEN ON FORTRAN UNIT  12, TRL =
                    101                 6              6456                23                20                 0                 1
     (MAXIMUM POSSIBLE FORTRAN RECORD SIZE =    65538 WORDS.)
     (MAXIMUM SIZE OF FORTRAN RECORDS WRITTEN =    65538 WORDS.)
     (NUMBER OF FORTRAN RECORDS WRITTEN =       36 RECORDS.)
     (TOTAL DATA WRITTEN FOR DATA BLOCK =   399853 WORDS.)
 *** USER INFORMATION MESSAGE 4114 (OUTPBN2)
     DATA BLOCK OES1     WRITTEN ON FORTRAN UNIT  12, TRL =
                    101                63                 4                23                20                 0                 1
     (MAXIMUM POSSIBLE FORTRAN RECORD SIZE =    65538 WORDS.)
     (MAXIMUM SIZE OF FORTRAN RECORDS WRITTEN =    65538 WORDS.)
     (NUMBER OF FORTRAN RECORDS WRITTEN =       58 RECORDS.)
     (TOTAL DATA WRITTEN FOR DATA BLOCK =   787248 WORDS.)
1                                                                             APRIL  23, 2020  SIMCENTER NASTRAN  5/ 9/19   PAGE    13
                                                                                                                                    
0                                                                                                                                   
1                                                                             APRIL  23, 2020  SIMCENTER NASTRAN  5/ 9/19   PAGE    14
                                                                                                                                    
0                                                                                                                                   
1                                                                             APRIL  23, 2020  SIMCENTER NASTRAN  5/ 9/19   PAGE    15
                                                                                                                                    
0                                                                                                                                   
 ^^^ USER INFORMATION MESSAGE 9116 (SEKDR)   
 ^^^ THE FOLLOWER FORCE STIFFNESS HAS BEEN SYMMETRIZED.  
 *** USER INFORMATION MESSAGE 7555 (GMTSTS)
     FINITE ELEMENT GEOMETRY CHECK RESULTS EXCEED TOLERANCE LEVELS FOR THE FOLLOWING ELEMENTS.
     A MAXIMUM OF        100 SKEW ANGLE (SA)      TOLERANCE LIMIT VIOLATIONS WILL BE IDENTIFIED AND INDICATED BY xxxx.
     A MAXIMUM OF        100 MIN INT. ANGLE (IA)  TOLERANCE LIMIT VIOLATIONS WILL BE IDENTIFIED AND INDICATED BY xxxx.
     A MAXIMUM OF        100 MAX INT. ANGLE (IA)  TOLERANCE LIMIT VIOLATIONS WILL BE IDENTIFIED AND INDICATED BY xxxx.
     A MAXIMUM OF        100 WARPING FACTOR (WF)  TOLERANCE LIMIT VIOLATIONS WILL BE IDENTIFIED AND INDICATED BY xxxx.
     A MAXIMUM OF        100 TAPER RATIO (TR)     TOLERANCE LIMIT VIOLATIONS WILL BE IDENTIFIED AND INDICATED BY xxxx.
     A MAXIMUM OF        100 ASPECT RATIO (AR)    TOLERANCE LIMIT VIOLATIONS WILL BE IDENTIFIED AND INDICATED BY xxxx.
1                                                                             APRIL  23, 2020  SIMCENTER NASTRAN  5/ 9/19   PAGE    16
                                                                                                                                    
0                                                                                                            SUBCASE 2              
     TOLERANCE LIMITS ARE:  SA =  30.00, IA(MIN) =  30.00, IA(MAX) = 150.00, WF =   0.05, TR =   0.50, AR = 100.00
 (xxxx = LIMIT VIOLATED)
 ELEMENT TYPE       ID          SKEW ANGLE      MIN INT. ANGLE    MAX INT. ANGLE    WARPING FACTOR      TAPER RATIO      ASPECT RATIO  
    QUAD4       56579        76.64             55.17            116.70              0.00              0.51 xxxx         1.94     
    QUAD4       56977        75.49             54.07            116.09              0.00              0.52 xxxx         1.94     
    QUAD4       57209        75.29             54.03            115.43              0.00              0.51 xxxx         1.88     
    QUAD4       57309        72.72             51.00            116.35              0.00              0.54 xxxx         2.05     
    QUAD4       57326        78.89             57.13            118.85              0.00              0.51 xxxx         2.17     
    QUAD4       57470        76.87             55.43            116.68              0.00              0.51 xxxx         1.91     
    QUAD4       57864        76.81             55.38            116.64              0.00              0.51 xxxx         1.91     
    QUAD4       58244        76.54             55.10            116.59              0.00              0.51 xxxx         1.94     
    QUAD4       58685        88.08             67.86            131.22              0.00              0.53 xxxx         1.76     
    QUAD4       58792        88.96             67.83            128.74              0.00              0.51 xxxx         1.75     
    QUAD4       58799        88.78             65.76            126.30              0.00              0.50 xxxx         1.79     
    QUAD4       59059        72.94             51.49            115.24              0.00              0.52 xxxx         2.42     
    QUAD4       59099        76.75             55.30            116.70              0.00              0.51 xxxx         1.92     
    QUAD4       59379        76.51             55.07            116.57              0.00              0.51 xxxx         1.94     
    QUAD4       59713        76.25             54.84            116.35              0.00              0.51 xxxx         1.93     
    QUAD4       59911        75.78             54.35            116.24              0.00              0.52 xxxx         1.94     
    QUAD4       60028        84.32             61.23            125.09              0.00              0.53 xxxx         1.88     
    QUAD4       60036        83.33             61.27            121.42              0.00              0.50 xxxx         1.76     
    QUAD4       60042        70.64             49.57            113.35              0.00              0.53 xxxx         2.05     
    QUAD4       60132        67.96             46.67            113.66              0.00              0.56 xxxx         2.27     
    QUAD4       60831        76.75             55.31            116.65              0.00              0.51 xxxx         1.94     
    QUAD4       61229        74.56             53.15            115.74              0.00              0.52 xxxx         1.96     
    QUAD4       61421        72.94             51.49            115.24              0.00              0.52 xxxx         2.42     
    QUAD4       61461        76.81             55.37            116.67              0.00              0.51 xxxx         1.92     
    QUAD4       63065        88.08             67.87            131.22              0.00              0.53 xxxx         1.76     
    QUAD4       63172        88.97             67.82            128.73              0.00              0.51 xxxx         1.75     
    QUAD4       63179        88.78             65.76            126.30              0.00              0.50 xxxx         1.79     
    QUAD4       63270        79.26             57.43            118.09              0.00              0.50 xxxx         1.94     
    QUAD4       63455        72.94             51.49            115.23              0.00              0.52 xxxx         2.42     
    QUAD4       63495        76.75             55.30            116.70              0.00              0.51 xxxx         1.92     
    QUAD4       63563        71.32             49.79            115.36              0.00              0.55 xxxx         2.02     
    QUAD4       63774        76.59             55.17            116.53              0.00              0.51 xxxx         1.95     
    QUAD4       64108        76.25             54.84            116.35              0.00              0.51 xxxx         1.93     
    QUAD4       64416        84.33             61.24            125.09              0.00              0.53 xxxx         1.88     
    QUAD4       64424        83.33             61.27            121.42              0.00              0.50 xxxx         1.76     
    QUAD4       64488        85.64             62.38            126.31              0.00              0.53 xxxx         1.87     
    QUAD4       64645        71.86             50.19            115.68              0.00              0.54 xxxx         2.12     
1                                                                             APRIL  23, 2020  SIMCENTER NASTRAN  5/ 9/19   PAGE    17
                                                                                                                                    
0                                                                                                            SUBCASE 2              


                            E L E M E N T   G E O M E T R Y   T E S T   R E S U L T S   S U M M A R Y
                                        TOTAL NUMBER OF TIMES TOLERANCES WERE EXCEEDED
 ELEMENT     SKEW    ASPECT/       MINIMUM       MAXIMUM    SURFACE/FACE  THICKNESS/     EDGE POINT    EDGE POINT       JACOBIAN
 TYPE        ANGLE  TAPER RATIO  INTER. ANGLE  INTER. ANGLE  WARP FACTOR  OFFSET RATIO  LENGTH RATIO  INCLUDED ANGLE  DETERMINANT
 QUAD4           0         37             0             0             0           N/A           N/A           N/A           N/A     
 TRIA3           0        N/A           N/A             0           N/A           N/A           N/A           N/A           N/A     

         N/A IN THE ABOVE TABLE INDICATES TESTS THAT ARE NOT APPLICABLE TO THE ELEMENT TYPE AND WERE NOT PERFORMED.
         FOR ALL ELEMENTS WHERE GEOMETRY TEST RESULTS HAVE EXCEEDED TOLERANCES,

         QUAD4    ELEMENT ID    60132 PRODUCED LARGEST  TAPER RATIO      OF       0.56 (TOLERANCE =        0.50).
 *** SYSTEM INFORMATION MESSAGE 6916 (DFMSYN)
     DECOMP ORDERING METHOD CHOSEN: DEFAULT, ORDERING METHOD USED: METIS
 *** USER INFORMATION MESSAGE 5010 (LNCILS)
     STURM SEQUENCE DATA FOR EIGENVALUE EXTRACTION.
     TRIAL EIGENVALUE = -1.000000E+00, CYCLES = -1.591549E-01 NUMBER OF EIGENVALUES BELOW THIS VALUE =     0
 *** USER INFORMATION MESSAGE 5010 (LNCILS)
     STURM SEQUENCE DATA FOR EIGENVALUE EXTRACTION.
     TRIAL EIGENVALUE =  5.880000E+00, CYCLES =  3.859302E-01 NUMBER OF EIGENVALUES BELOW THIS VALUE =     4
 *** USER INFORMATION MESSAGE 5010 (LNCILS)
     STURM SEQUENCE DATA FOR EIGENVALUE EXTRACTION.
     TRIAL EIGENVALUE = -5.440110E+00, CYCLES = -3.712137E-01 NUMBER OF EIGENVALUES BELOW THIS VALUE =     9

 TABLE OF SHIFTS:  (LNNRIGL)
 SHIFT #        SHIFT VALUE         FREQUENCY, CYCLES     # EIGENVALUES BELOW    # NEW EIGENVALUES FOUND
     1.       -1.0000000E+00         -1.5915494E-01                 0                       11
     2.        5.8799998E+00          3.8593022E-01                 4                        2
     3.       -5.4401104E+00         -3.7121369E-01                 9                        0

1                                                                             APRIL  23, 2020  SIMCENTER NASTRAN  5/ 9/19   PAGE    18
                                                                                                                                    
0                                                                                                            SUBCASE 2              
0


                          E I G E N V A L U E  A N A L Y S I S   S U M M A R Y   (READ MODULE) 



                                     BLOCK SIZE USED ......................    7

                                     NUMBER OF DECOMPOSITIONS .............    3

                                     NUMBER OF ROOTS FOUND ................   10

                                     NUMBER OF SOLVES REQUIRED ............   32

1                                                                             APRIL  23, 2020  SIMCENTER NASTRAN  5/ 9/19   PAGE    19
                                                                                                                                    
0                                                                                                            SUBCASE 2              
 
                                              R E A L   E I G E N V A L U E S
   MODE    EXTRACTION      EIGENVALUE            RADIANS             CYCLES            GENERALIZED         GENERALIZED
    NO.       ORDER                                                                       MASS              STIFFNESS
        1         1       -1.598268E+00        1.264226E+00        2.012079E-01       -3.448937E+04        5.512328E+04
        2         2       -2.017448E+00        1.420369E+00        2.260587E-01       -4.766444E+04        9.616051E+04
        3         3       -2.724756E+00        1.650683E+00        2.627144E-01       -8.031560E+04        2.188404E+05
        4         4       -3.163661E+00        1.778668E+00        2.830839E-01       -1.375647E+05        4.352082E+05
        5         5       -3.331063E+00        1.825120E+00        2.904769E-01       -6.600703E+04        2.198736E+05
        6         6        3.405176E+00        1.845312E+00        2.936905E-01        1.814287E+04        6.177967E+04
        7         7        3.571443E+00        1.889826E+00        3.007752E-01        6.207584E+04        2.217003E+05
        8         8       -3.806756E+00        1.951091E+00        3.105258E-01       -6.254317E+04        2.380866E+05
        9         9        3.901905E+00        1.975324E+00        3.143826E-01        3.496415E+04        1.364268E+05
       10        10        4.637951E+00        2.153590E+00        3.427545E-01        6.480010E+04        3.005397E+05
1                                                                             APRIL  23, 2020  SIMCENTER NASTRAN  5/ 9/19   PAGE    20
                                                                                                                                    
0                                                                                                            SUBCASE 2              
 *** USER INFORMATION MESSAGE 4114 (OUTPBN2)
     DATA BLOCK OQG1     WRITTEN ON FORTRAN UNIT  12, TRL =
                    101                60             64560                23                20                 0                 1
     (MAXIMUM POSSIBLE FORTRAN RECORD SIZE =    65538 WORDS.)
     (MAXIMUM SIZE OF FORTRAN RECORDS WRITTEN =    65538 WORDS.)
     (NUMBER OF FORTRAN RECORDS WRITTEN =      234 RECORDS.)
     (TOTAL DATA WRITTEN FOR DATA BLOCK =  3998287 WORDS.)
 *** USER INFORMATION MESSAGE 4114 (OUTPBN2)
     DATA BLOCK LAMA     WRITTEN ON FORTRAN UNIT  12, TRL =
                    101                10                 0                 0                 0                 0                 0
     (MAXIMUM POSSIBLE FORTRAN RECORD SIZE =    65538 WORDS.)
     (MAXIMUM SIZE OF FORTRAN RECORDS WRITTEN =      146 WORDS.)
     (NUMBER OF FORTRAN RECORDS WRITTEN =       24 RECORDS.)
     (TOTAL DATA WRITTEN FOR DATA BLOCK =      246 WORDS.)
 *** USER INFORMATION MESSAGE 4114 (OUTPBN2)
     DATA BLOCK BOUGV1   WRITTEN ON FORTRAN UNIT  12, TRL =
                    101                60             64560                23                20                 0                 1
     (MAXIMUM POSSIBLE FORTRAN RECORD SIZE =    65538 WORDS.)
     (MAXIMUM SIZE OF FORTRAN RECORDS WRITTEN =    65538 WORDS.)
     (NUMBER OF FORTRAN RECORDS WRITTEN =      234 RECORDS.)
     (TOTAL DATA WRITTEN FOR DATA BLOCK =  3998287 WORDS.)
 *** USER INFORMATION MESSAGE 4114 (OUTPBN2)
     DATA BLOCK OES1     WRITTEN ON FORTRAN UNIT  12, TRL =
                    101                63                 4                23                20                 0                 1
     (MAXIMUM POSSIBLE FORTRAN RECORD SIZE =    65538 WORDS.)
     (MAXIMUM SIZE OF FORTRAN RECORDS WRITTEN =    65538 WORDS.)
     (NUMBER OF FORTRAN RECORDS WRITTEN =      454 RECORDS.)
     (TOTAL DATA WRITTEN FOR DATA BLOCK =  7872237 WORDS.)
1                                                                             APRIL  23, 2020  SIMCENTER NASTRAN  5/ 9/19   PAGE    21
                                                                                                                                    
0                                                                                                            SUBCASE 2              
1                                                                             APRIL  23, 2020  SIMCENTER NASTRAN  5/ 9/19   PAGE    22
                                                                                                                                    
0                                                                                                            SUBCASE 2              
1                                                                             APRIL  23, 2020  SIMCENTER NASTRAN  5/ 9/19   PAGE    23
                                                                                                                                    
0                                                                                                            SUBCASE 2              
 *** USER INFORMATION MESSAGE 4110 (OUTPBN2)
                                 END-OF-DATA SIMULATION ON FORTRAN UNIT 12
                                 (MAXIMUM SIZE OF FORTRAN RECORDS WRITTEN =      1 WORDS.)
                                       (NUMBER OF FORTRAN RECORDS WRITTEN =      1 RECORDS.)
                                       (TOTAL DATA WRITTEN FOR EOF MARKER =      1 WORDS.)
1                                                                             APRIL  23, 2020  SIMCENTER NASTRAN  5/ 9/19   PAGE    24
                                                                                                                                    
0                                                                                                            SUBCASE 2              
 * * * *  D B D I C T   P R I N T  * * * *      SUBDMAP = PRTSUM  ,  DMAP STATEMENT NO.     28



0                                   * * * *  A N A L Y S I S  S U M M A R Y  T A B L E  * * * *
0 SEID  PEID PROJ VERS APRCH      SEMG SEMR SEKR SELG SELR MODES DYNRED SOLLIN PVALID SOLNL LOOPID DESIGN CYCLE SENSITIVITY
 --------------------------------------------------------------------------------------------------------------------------
     0     0    1    1 '        '    T    T    T    T    T     T      F      T      0     F     -1            0           F
0SEID = SUPERELEMENT ID.
 PEID = PRIMARY SUPERELEMENT ID OF IMAGE SUPERELEMENT.
 PROJ = PROJECT ID NUMBER.
 VERS = VERSION ID.
 APRCH = BLANK FOR STRUCTURAL ANALYSIS.  HEAT FOR HEAT TRANSFER ANALYSIS.
 SEMG = STIFFNESS AND MASS MATRIX GENERATION STEP.
 SEMR = MASS MATRIX REDUCTION STEP (INCLUDES EIGENVALUE SOLUTION FOR MODES).
 SEKR = STIFFNESS MATRIX REDUCTION STEP.
 SELG = LOAD MATRIX GENERATION STEP.
 SELR = LOAD MATRIX REDUCTION STEP. 
 MODES = T (TRUE) IF NORMAL MODES OR BUCKLING MODES CALCULATED.
 DYNRED = T (TRUE) MEANS GENERALIZED DYNAMIC AND/OR COMPONENT MODE REDUCTION PERFORMED.
 SOLLIN = T (TRUE) IF LINEAR SOLUTION EXISTS IN DATABASE.
 PVALID = P-DISTRIBUTION ID OF P-VALUE FOR P-ELEMENTS
 LOOPID = THE LAST LOOPID VALUE USED IN THE NONLINEAR ANALYSIS.  USEFUL FOR RESTARTS.
 SOLNL = T (TRUE) IF NONLINEAR SOLUTION EXISTS IN DATABASE.
 DESIGN CYCLE = THE LAST DESIGN CYCLE (ONLY VALID IN OPTIMIZATION).
 SENSITIVITY = SENSITIVITY MATRIX GENERATION FLAG.
1                                        * * * END OF JOB * * *
 
 
